2018-06-26 11:42:28 [INFO] [SpringBootTestContextBootstrapper:308] Neither @ContextConfiguration nor @ContextHierarchy found for test class [com.mobile263.cxfdemo.CxfdemoApplicationTests], using SpringBootContextLoader
2018-06-26 11:42:28 [INFO] [AbstractContextLoader:264] Could not detect default resource locations for test class [com.mobile263.cxfdemo.CxfdemoApplicationTests]: no resource found for suffixes {-context.xml, Context.groovy}.
2018-06-26 11:42:28 [INFO] [AnnotationConfigContextLoaderUtils:83] Could not detect default configuration classes for test class [com.mobile263.cxfdemo.CxfdemoApplicationTests]: CxfdemoApplicationTests does not declare any static, non-private, non-final, nested classes annotated with @Configuration.
2018-06-26 11:42:28 [INFO] [SpringBootTestContextBootstrapper:244] Found @SpringBootConfiguration com.mobile263.cxfdemo.CxfdemoApplication for test class com.mobile263.cxfdemo.CxfdemoApplicationTests
2018-06-26 11:42:29 [INFO] [SpringBootTestContextBootstrapper:248] Loaded default TestExecutionListener class names from location [META-INF/spring.factories]: [org.springframework.boot.test.mock.mockito.MockitoTestExecutionListener, org.springframework.boot.test.mock.mockito.ResetMocksTestExecutionListener, org.springframework.boot.test.autoconfigure.restdocs.RestDocsTestExecutionListener, org.springframework.boot.test.autoconfigure.web.client.MockRestServiceServerResetTestExecutionListener, org.springframework.boot.test.autoconfigure.web.servlet.MockMvcPrintOnlyOnFailureTestExecutionListener, org.springframework.boot.test.autoconfigure.web.servlet.WebDriverTestExecutionListener, org.springframework.test.context.web.ServletTestExecutionListener, org.springframework.test.context.support.DirtiesContextBeforeModesTestExecutionListener, org.springframework.test.context.support.DependencyInjectionTestExecutionListener, org.springframework.test.context.support.DirtiesContextTestExecutionListener, org.springframework.test.context.transaction.TransactionalTestExecutionListener, org.springframework.test.context.jdbc.SqlScriptsTestExecutionListener]
2018-06-26 11:42:29 [INFO] [SpringBootTestContextBootstrapper:177] Using TestExecutionListeners: [org.springframework.test.context.web.ServletTestExecutionListener@1283bb96, org.springframework.test.context.support.DirtiesContextBeforeModesTestExecutionListener@74f0ea28, org.springframework.boot.test.mock.mockito.MockitoTestExecutionListener@f6efaab, org.springframework.boot.test.autoconfigure.SpringBootDependencyInjectionTestExecutionListener@3c19aaa5, org.springframework.test.context.support.DirtiesContextTestExecutionListener@3349e9bb, org.springframework.boot.test.mock.mockito.ResetMocksTestExecutionListener@409bf450, org.springframework.boot.test.autoconfigure.restdocs.RestDocsTestExecutionListener@38d8f54a, org.springframework.boot.test.autoconfigure.web.client.MockRestServiceServerResetTestExecutionListener@49e53c76, org.springframework.boot.test.autoconfigure.web.servlet.MockMvcPrintOnlyOnFailureTestExecutionListener@351d00c0, org.springframework.boot.test.autoconfigure.web.servlet.WebDriverTestExecutionListener@2a3b5b47]
2018-06-26 11:42:29 [INFO] [Version:21] HV000001: Hibernate Validator 6.0.10.Final
2018-06-26 11:42:29 [INFO] [CxfdemoApplicationTests:50] Starting CxfdemoApplicationTests on DESKTOP-F2LRMUT with PID 16628 (started by ying in E:\eclipse_workspace\cxfdemo)
2018-06-26 11:42:29 [INFO] [CxfdemoApplicationTests:659] No active profile set, falling back to default profiles: default
2018-06-26 11:42:29 [INFO] [GenericWebApplicationContext:590] Refreshing org.springframework.web.context.support.GenericWebApplicationContext@932bc4a: startup date [Tue Jun 26 11:42:29 CST 2018]; root of context hierarchy
2018-06-26 11:42:32 [INFO] [ReflectionServiceFactoryBean:437] Creating Service {http://ws.cxfdemo.mobile263.com/}ISendStatistis from class com.mobile263.cxfdemo.ws.ISendStatistis
2018-06-26 11:42:33 [INFO] [ServerImpl:85] Setting the server's publish address to be /Wscxfdemo
2018-06-26 11:42:33 [INFO] [SimpleUrlHandlerMapping:373] Mapped URL path [/**/favicon.ico] onto handler of type [class org.springframework.web.servlet.resource.ResourceHttpRequestHandler]
2018-06-26 11:42:33 [INFO] [RequestMappingHandlerAdapter:574] Looking for @ControllerAdvice: org.springframework.web.context.support.GenericWebApplicationContext@932bc4a: startup date [Tue Jun 26 11:42:29 CST 2018]; root of context hierarchy
2018-06-26 11:42:34 [INFO] [RequestMappingHandlerMapping:547] Mapped "{[/error]}" onto public org.springframework.http.ResponseEntity<java.util.Map<java.lang.String, java.lang.Object>> org.springframework.boot.autoconfigure.web.servlet.error.BasicErrorController.error(javax.servlet.http.HttpServletRequest)
2018-06-26 11:42:34 [INFO] [RequestMappingHandlerMapping:547] Mapped "{[/error],produces=[text/html]}" onto public org.springframework.web.servlet.ModelAndView org.springframework.boot.autoconfigure.web.servlet.error.BasicErrorController.errorHtml(javax.servlet.http.HttpServletRequest,javax.servlet.http.HttpServletResponse)
2018-06-26 11:42:34 [INFO] [SimpleUrlHandlerMapping:373] Mapped URL path [/webjars/**] onto handler of type [class org.springframework.web.servlet.resource.ResourceHttpRequestHandler]
2018-06-26 11:42:34 [INFO] [SimpleUrlHandlerMapping:373] Mapped URL path [/**] onto handler of type [class org.springframework.web.servlet.resource.ResourceHttpRequestHandler]
2018-06-26 11:42:35 [INFO] [CxfdemoApplicationTests:59] Started CxfdemoApplicationTests in 5.889 seconds (JVM running for 7.873)
2018-06-26 11:42:35 [INFO] [GenericWebApplicationContext:993] Closing org.springframework.web.context.support.GenericWebApplicationContext@932bc4a: startup date [Tue Jun 26 11:42:29 CST 2018]; root of context hierarchy
2018-06-26 14:17:40 [INFO] [SpringBootTestContextBootstrapper:308] Neither @ContextConfiguration nor @ContextHierarchy found for test class [com.mobile263.cxfdemo.CxfdemoApplicationTests], using SpringBootContextLoader
2018-06-26 14:17:40 [INFO] [AbstractContextLoader:264] Could not detect default resource locations for test class [com.mobile263.cxfdemo.CxfdemoApplicationTests]: no resource found for suffixes {-context.xml, Context.groovy}.
2018-06-26 14:17:40 [INFO] [AnnotationConfigContextLoaderUtils:83] Could not detect default configuration classes for test class [com.mobile263.cxfdemo.CxfdemoApplicationTests]: CxfdemoApplicationTests does not declare any static, non-private, non-final, nested classes annotated with @Configuration.
2018-06-26 14:17:40 [INFO] [SpringBootTestContextBootstrapper:244] Found @SpringBootConfiguration com.mobile263.cxfdemo.CxfdemoApplication for test class com.mobile263.cxfdemo.CxfdemoApplicationTests
2018-06-26 14:17:40 [INFO] [SpringBootTestContextBootstrapper:248] Loaded default TestExecutionListener class names from location [META-INF/spring.factories]: [org.springframework.boot.test.mock.mockito.MockitoTestExecutionListener, org.springframework.boot.test.mock.mockito.ResetMocksTestExecutionListener, org.springframework.boot.test.autoconfigure.restdocs.RestDocsTestExecutionListener, org.springframework.boot.test.autoconfigure.web.client.MockRestServiceServerResetTestExecutionListener, org.springframework.boot.test.autoconfigure.web.servlet.MockMvcPrintOnlyOnFailureTestExecutionListener, org.springframework.boot.test.autoconfigure.web.servlet.WebDriverTestExecutionListener, org.springframework.test.context.web.ServletTestExecutionListener, org.springframework.test.context.support.DirtiesContextBeforeModesTestExecutionListener, org.springframework.test.context.support.DependencyInjectionTestExecutionListener, org.springframework.test.context.support.DirtiesContextTestExecutionListener, org.springframework.test.context.transaction.TransactionalTestExecutionListener, org.springframework.test.context.jdbc.SqlScriptsTestExecutionListener]
2018-06-26 14:17:40 [INFO] [SpringBootTestContextBootstrapper:177] Using TestExecutionListeners: [org.springframework.test.context.web.ServletTestExecutionListener@1283bb96, org.springframework.test.context.support.DirtiesContextBeforeModesTestExecutionListener@74f0ea28, org.springframework.boot.test.mock.mockito.MockitoTestExecutionListener@f6efaab, org.springframework.boot.test.autoconfigure.SpringBootDependencyInjectionTestExecutionListener@3c19aaa5, org.springframework.test.context.support.DirtiesContextTestExecutionListener@3349e9bb, org.springframework.boot.test.mock.mockito.ResetMocksTestExecutionListener@409bf450, org.springframework.boot.test.autoconfigure.restdocs.RestDocsTestExecutionListener@38d8f54a, org.springframework.boot.test.autoconfigure.web.client.MockRestServiceServerResetTestExecutionListener@49e53c76, org.springframework.boot.test.autoconfigure.web.servlet.MockMvcPrintOnlyOnFailureTestExecutionListener@351d00c0, org.springframework.boot.test.autoconfigure.web.servlet.WebDriverTestExecutionListener@2a3b5b47]
2018-06-26 14:17:41 [INFO] [Version:21] HV000001: Hibernate Validator 6.0.10.Final
2018-06-26 14:17:41 [INFO] [CxfdemoApplicationTests:50] Starting CxfdemoApplicationTests on DESKTOP-F2LRMUT with PID 11348 (started by ying in E:\eclipse_workspace\cxfdemo)
2018-06-26 14:17:41 [INFO] [CxfdemoApplicationTests:659] No active profile set, falling back to default profiles: default
2018-06-26 14:17:41 [INFO] [GenericWebApplicationContext:590] Refreshing org.springframework.web.context.support.GenericWebApplicationContext@932bc4a: startup date [Tue Jun 26 14:17:41 CST 2018]; root of context hierarchy
2018-06-26 14:17:43 [INFO] [ReflectionServiceFactoryBean:437] Creating Service {http://ws.cxfdemo.mobile263.com/}ISendStatistis from class com.mobile263.cxfdemo.ws.ISendStatistis
2018-06-26 14:17:44 [INFO] [ServerImpl:85] Setting the server's publish address to be /Wscxfdemo
2018-06-26 14:17:44 [INFO] [SimpleUrlHandlerMapping:373] Mapped URL path [/**/favicon.ico] onto handler of type [class org.springframework.web.servlet.resource.ResourceHttpRequestHandler]
2018-06-26 14:17:45 [INFO] [RequestMappingHandlerAdapter:574] Looking for @ControllerAdvice: org.springframework.web.context.support.GenericWebApplicationContext@932bc4a: startup date [Tue Jun 26 14:17:41 CST 2018]; root of context hierarchy
2018-06-26 14:17:45 [INFO] [RequestMappingHandlerMapping:547] Mapped "{[/error]}" onto public org.springframework.http.ResponseEntity<java.util.Map<java.lang.String, java.lang.Object>> org.springframework.boot.autoconfigure.web.servlet.error.BasicErrorController.error(javax.servlet.http.HttpServletRequest)
2018-06-26 14:17:45 [INFO] [RequestMappingHandlerMapping:547] Mapped "{[/error],produces=[text/html]}" onto public org.springframework.web.servlet.ModelAndView org.springframework.boot.autoconfigure.web.servlet.error.BasicErrorController.errorHtml(javax.servlet.http.HttpServletRequest,javax.servlet.http.HttpServletResponse)
2018-06-26 14:17:45 [INFO] [SimpleUrlHandlerMapping:373] Mapped URL path [/webjars/**] onto handler of type [class org.springframework.web.servlet.resource.ResourceHttpRequestHandler]
2018-06-26 14:17:45 [INFO] [SimpleUrlHandlerMapping:373] Mapped URL path [/**] onto handler of type [class org.springframework.web.servlet.resource.ResourceHttpRequestHandler]
2018-06-26 14:17:46 [INFO] [CxfdemoApplicationTests:59] Started CxfdemoApplicationTests in 5.434 seconds (JVM running for 7.644)
2018-06-26 14:17:46 [INFO] [GenericWebApplicationContext:993] Closing org.springframework.web.context.support.GenericWebApplicationContext@932bc4a: startup date [Tue Jun 26 14:17:41 CST 2018]; root of context hierarchy
2018-06-26 14:31:58 [INFO] [SpringBootTestContextBootstrapper:308] Neither @ContextConfiguration nor @ContextHierarchy found for test class [com.mobile263.cxfdemo.CxfdemoApplicationTests], using SpringBootContextLoader
2018-06-26 14:31:58 [INFO] [AbstractContextLoader:264] Could not detect default resource locations for test class [com.mobile263.cxfdemo.CxfdemoApplicationTests]: no resource found for suffixes {-context.xml, Context.groovy}.
2018-06-26 14:31:58 [INFO] [AnnotationConfigContextLoaderUtils:83] Could not detect default configuration classes for test class [com.mobile263.cxfdemo.CxfdemoApplicationTests]: CxfdemoApplicationTests does not declare any static, non-private, non-final, nested classes annotated with @Configuration.
2018-06-26 14:31:58 [INFO] [SpringBootTestContextBootstrapper:244] Found @SpringBootConfiguration com.mobile263.cxfdemo.CxfdemoApplication for test class com.mobile263.cxfdemo.CxfdemoApplicationTests
2018-06-26 14:31:59 [INFO] [SpringBootTestContextBootstrapper:248] Loaded default TestExecutionListener class names from location [META-INF/spring.factories]: [org.springframework.boot.test.mock.mockito.MockitoTestExecutionListener, org.springframework.boot.test.mock.mockito.ResetMocksTestExecutionListener, org.springframework.boot.test.autoconfigure.restdocs.RestDocsTestExecutionListener, org.springframework.boot.test.autoconfigure.web.client.MockRestServiceServerResetTestExecutionListener, org.springframework.boot.test.autoconfigure.web.servlet.MockMvcPrintOnlyOnFailureTestExecutionListener, org.springframework.boot.test.autoconfigure.web.servlet.WebDriverTestExecutionListener, org.springframework.test.context.web.ServletTestExecutionListener, org.springframework.test.context.support.DirtiesContextBeforeModesTestExecutionListener, org.springframework.test.context.support.DependencyInjectionTestExecutionListener, org.springframework.test.context.support.DirtiesContextTestExecutionListener, org.springframework.test.context.transaction.TransactionalTestExecutionListener, org.springframework.test.context.jdbc.SqlScriptsTestExecutionListener]
2018-06-26 14:31:59 [INFO] [SpringBootTestContextBootstrapper:177] Using TestExecutionListeners: [org.springframework.test.context.web.ServletTestExecutionListener@1283bb96, org.springframework.test.context.support.DirtiesContextBeforeModesTestExecutionListener@74f0ea28, org.springframework.boot.test.mock.mockito.MockitoTestExecutionListener@f6efaab, org.springframework.boot.test.autoconfigure.SpringBootDependencyInjectionTestExecutionListener@3c19aaa5, org.springframework.test.context.support.DirtiesContextTestExecutionListener@3349e9bb, org.springframework.boot.test.mock.mockito.ResetMocksTestExecutionListener@409bf450, org.springframework.boot.test.autoconfigure.restdocs.RestDocsTestExecutionListener@38d8f54a, org.springframework.boot.test.autoconfigure.web.client.MockRestServiceServerResetTestExecutionListener@49e53c76, org.springframework.boot.test.autoconfigure.web.servlet.MockMvcPrintOnlyOnFailureTestExecutionListener@351d00c0, org.springframework.boot.test.autoconfigure.web.servlet.WebDriverTestExecutionListener@2a3b5b47]
2018-06-26 14:31:59 [INFO] [Version:21] HV000001: Hibernate Validator 6.0.10.Final
2018-06-26 14:31:59 [INFO] [CxfdemoApplicationTests:50] Starting CxfdemoApplicationTests on DESKTOP-F2LRMUT with PID 236 (started by ying in E:\eclipse_workspace\cxfdemo)
2018-06-26 14:31:59 [INFO] [CxfdemoApplicationTests:659] No active profile set, falling back to default profiles: default
2018-06-26 14:31:59 [INFO] [GenericWebApplicationContext:590] Refreshing org.springframework.web.context.support.GenericWebApplicationContext@932bc4a: startup date [Tue Jun 26 14:31:59 CST 2018]; root of context hierarchy
2018-06-26 14:32:01 [INFO] [ReflectionServiceFactoryBean:437] Creating Service {http://ws.cxfdemo.mobile263.com/}ISendStatistis from class com.mobile263.cxfdemo.ws.ISendStatistis
2018-06-26 14:32:02 [INFO] [ServerImpl:85] Setting the server's publish address to be /Wscxfdemo
2018-06-26 14:32:02 [INFO] [SimpleUrlHandlerMapping:373] Mapped URL path [/**/favicon.ico] onto handler of type [class org.springframework.web.servlet.resource.ResourceHttpRequestHandler]
2018-06-26 14:32:03 [INFO] [RequestMappingHandlerAdapter:574] Looking for @ControllerAdvice: org.springframework.web.context.support.GenericWebApplicationContext@932bc4a: startup date [Tue Jun 26 14:31:59 CST 2018]; root of context hierarchy
2018-06-26 14:32:03 [INFO] [RequestMappingHandlerMapping:547] Mapped "{[/error]}" onto public org.springframework.http.ResponseEntity<java.util.Map<java.lang.String, java.lang.Object>> org.springframework.boot.autoconfigure.web.servlet.error.BasicErrorController.error(javax.servlet.http.HttpServletRequest)
2018-06-26 14:32:03 [INFO] [RequestMappingHandlerMapping:547] Mapped "{[/error],produces=[text/html]}" onto public org.springframework.web.servlet.ModelAndView org.springframework.boot.autoconfigure.web.servlet.error.BasicErrorController.errorHtml(javax.servlet.http.HttpServletRequest,javax.servlet.http.HttpServletResponse)
2018-06-26 14:32:03 [INFO] [SimpleUrlHandlerMapping:373] Mapped URL path [/webjars/**] onto handler of type [class org.springframework.web.servlet.resource.ResourceHttpRequestHandler]
2018-06-26 14:32:03 [INFO] [SimpleUrlHandlerMapping:373] Mapped URL path [/**] onto handler of type [class org.springframework.web.servlet.resource.ResourceHttpRequestHandler]
2018-06-26 14:32:04 [INFO] [CxfdemoApplicationTests:59] Started CxfdemoApplicationTests in 5.335 seconds (JVM running for 6.907)
2018-06-26 14:32:04 [INFO] [GenericWebApplicationContext:993] Closing org.springframework.web.context.support.GenericWebApplicationContext@932bc4a: startup date [Tue Jun 26 14:31:59 CST 2018]; root of context hierarchy
2018-06-26 14:43:41 [INFO] [SpringBootTestContextBootstrapper:308] Neither @ContextConfiguration nor @ContextHierarchy found for test class [com.mobile263.cxfdemo.CxfdemoApplicationTests], using SpringBootContextLoader
2018-06-26 14:43:41 [INFO] [AbstractContextLoader:264] Could not detect default resource locations for test class [com.mobile263.cxfdemo.CxfdemoApplicationTests]: no resource found for suffixes {-context.xml, Context.groovy}.
2018-06-26 14:43:41 [INFO] [AnnotationConfigContextLoaderUtils:83] Could not detect default configuration classes for test class [com.mobile263.cxfdemo.CxfdemoApplicationTests]: CxfdemoApplicationTests does not declare any static, non-private, non-final, nested classes annotated with @Configuration.
2018-06-26 14:43:41 [INFO] [SpringBootTestContextBootstrapper:244] Found @SpringBootConfiguration com.mobile263.cxfdemo.CxfdemoApplication for test class com.mobile263.cxfdemo.CxfdemoApplicationTests
2018-06-26 14:43:41 [INFO] [SpringBootTestContextBootstrapper:248] Loaded default TestExecutionListener class names from location [META-INF/spring.factories]: [org.springframework.boot.test.mock.mockito.MockitoTestExecutionListener, org.springframework.boot.test.mock.mockito.ResetMocksTestExecutionListener, org.springframework.boot.test.autoconfigure.restdocs.RestDocsTestExecutionListener, org.springframework.boot.test.autoconfigure.web.client.MockRestServiceServerResetTestExecutionListener, org.springframework.boot.test.autoconfigure.web.servlet.MockMvcPrintOnlyOnFailureTestExecutionListener, org.springframework.boot.test.autoconfigure.web.servlet.WebDriverTestExecutionListener, org.springframework.test.context.web.ServletTestExecutionListener, org.springframework.test.context.support.DirtiesContextBeforeModesTestExecutionListener, org.springframework.test.context.support.DependencyInjectionTestExecutionListener, org.springframework.test.context.support.DirtiesContextTestExecutionListener, org.springframework.test.context.transaction.TransactionalTestExecutionListener, org.springframework.test.context.jdbc.SqlScriptsTestExecutionListener]
2018-06-26 14:43:41 [INFO] [SpringBootTestContextBootstrapper:177] Using TestExecutionListeners: [org.springframework.test.context.web.ServletTestExecutionListener@74f0ea28, org.springframework.test.context.support.DirtiesContextBeforeModesTestExecutionListener@f6efaab, org.springframework.boot.test.mock.mockito.MockitoTestExecutionListener@3c19aaa5, org.springframework.boot.test.autoconfigure.SpringBootDependencyInjectionTestExecutionListener@3349e9bb, org.springframework.test.context.support.DirtiesContextTestExecutionListener@409bf450, org.springframework.boot.test.mock.mockito.ResetMocksTestExecutionListener@38d8f54a, org.springframework.boot.test.autoconfigure.restdocs.RestDocsTestExecutionListener@49e53c76, org.springframework.boot.test.autoconfigure.web.client.MockRestServiceServerResetTestExecutionListener@351d00c0, org.springframework.boot.test.autoconfigure.web.servlet.MockMvcPrintOnlyOnFailureTestExecutionListener@2a3b5b47, org.springframework.boot.test.autoconfigure.web.servlet.WebDriverTestExecutionListener@55b699ef]
2018-06-26 14:43:41 [INFO] [Version:21] HV000001: Hibernate Validator 6.0.10.Final
2018-06-26 14:43:41 [INFO] [CxfdemoApplicationTests:50] Starting CxfdemoApplicationTests on DESKTOP-F2LRMUT with PID 19316 (started by ying in E:\eclipse_workspace\cxfdemo)
2018-06-26 14:43:41 [INFO] [CxfdemoApplicationTests:659] No active profile set, falling back to default profiles: default
2018-06-26 14:43:42 [INFO] [GenericWebApplicationContext:590] Refreshing org.springframework.web.context.support.GenericWebApplicationContext@932bc4a: startup date [Tue Jun 26 14:43:42 CST 2018]; root of context hierarchy
2018-06-26 14:43:44 [INFO] [ReflectionServiceFactoryBean:437] Creating Service {http://ws.cxfdemo.mobile263.com/}CommonService from class com.mobile263.cxfdemo.ws.CommonService
2018-06-26 14:43:44 [INFO] [ServerImpl:85] Setting the server's publish address to be /common
2018-06-26 14:43:44 [INFO] [ReflectionServiceFactoryBean:437] Creating Service {http://ws.cxfdemo.mobile263.com/}ISendStatistis from class com.mobile263.cxfdemo.ws.ISendStatistis
2018-06-26 14:43:45 [INFO] [ServerImpl:85] Setting the server's publish address to be /Wscxfdemo
2018-06-26 14:43:45 [INFO] [SimpleUrlHandlerMapping:373] Mapped URL path [/**/favicon.ico] onto handler of type [class org.springframework.web.servlet.resource.ResourceHttpRequestHandler]
2018-06-26 14:43:46 [INFO] [RequestMappingHandlerAdapter:574] Looking for @ControllerAdvice: org.springframework.web.context.support.GenericWebApplicationContext@932bc4a: startup date [Tue Jun 26 14:43:42 CST 2018]; root of context hierarchy
2018-06-26 14:43:46 [INFO] [RequestMappingHandlerMapping:547] Mapped "{[/error]}" onto public org.springframework.http.ResponseEntity<java.util.Map<java.lang.String, java.lang.Object>> org.springframework.boot.autoconfigure.web.servlet.error.BasicErrorController.error(javax.servlet.http.HttpServletRequest)
2018-06-26 14:43:46 [INFO] [RequestMappingHandlerMapping:547] Mapped "{[/error],produces=[text/html]}" onto public org.springframework.web.servlet.ModelAndView org.springframework.boot.autoconfigure.web.servlet.error.BasicErrorController.errorHtml(javax.servlet.http.HttpServletRequest,javax.servlet.http.HttpServletResponse)
2018-06-26 14:43:46 [INFO] [SimpleUrlHandlerMapping:373] Mapped URL path [/webjars/**] onto handler of type [class org.springframework.web.servlet.resource.ResourceHttpRequestHandler]
2018-06-26 14:43:46 [INFO] [SimpleUrlHandlerMapping:373] Mapped URL path [/**] onto handler of type [class org.springframework.web.servlet.resource.ResourceHttpRequestHandler]
2018-06-26 14:43:47 [INFO] [CxfdemoApplicationTests:59] Started CxfdemoApplicationTests in 5.576 seconds (JVM running for 6.923)
2018-06-26 14:43:47 [INFO] [GenericWebApplicationContext:993] Closing org.springframework.web.context.support.GenericWebApplicationContext@932bc4a: startup date [Tue Jun 26 14:43:42 CST 2018]; root of context hierarchy
2018-06-26 14:49:01 [INFO] [SpringBootTestContextBootstrapper:308] Neither @ContextConfiguration nor @ContextHierarchy found for test class [com.mobile263.cxfdemo.CxfdemoApplicationTests], using SpringBootContextLoader
2018-06-26 14:49:01 [INFO] [AbstractContextLoader:264] Could not detect default resource locations for test class [com.mobile263.cxfdemo.CxfdemoApplicationTests]: no resource found for suffixes {-context.xml, Context.groovy}.
2018-06-26 14:49:01 [INFO] [AnnotationConfigContextLoaderUtils:83] Could not detect default configuration classes for test class [com.mobile263.cxfdemo.CxfdemoApplicationTests]: CxfdemoApplicationTests does not declare any static, non-private, non-final, nested classes annotated with @Configuration.
2018-06-26 14:49:02 [INFO] [SpringBootTestContextBootstrapper:244] Found @SpringBootConfiguration com.mobile263.cxfdemo.CxfdemoApplication for test class com.mobile263.cxfdemo.CxfdemoApplicationTests
2018-06-26 14:49:02 [INFO] [SpringBootTestContextBootstrapper:248] Loaded default TestExecutionListener class names from location [META-INF/spring.factories]: [org.springframework.boot.test.mock.mockito.MockitoTestExecutionListener, org.springframework.boot.test.mock.mockito.ResetMocksTestExecutionListener, org.springframework.boot.test.autoconfigure.restdocs.RestDocsTestExecutionListener, org.springframework.boot.test.autoconfigure.web.client.MockRestServiceServerResetTestExecutionListener, org.springframework.boot.test.autoconfigure.web.servlet.MockMvcPrintOnlyOnFailureTestExecutionListener, org.springframework.boot.test.autoconfigure.web.servlet.WebDriverTestExecutionListener, org.springframework.test.context.web.ServletTestExecutionListener, org.springframework.test.context.support.DirtiesContextBeforeModesTestExecutionListener, org.springframework.test.context.support.DependencyInjectionTestExecutionListener, org.springframework.test.context.support.DirtiesContextTestExecutionListener, org.springframework.test.context.transaction.TransactionalTestExecutionListener, org.springframework.test.context.jdbc.SqlScriptsTestExecutionListener]
2018-06-26 14:49:02 [INFO] [SpringBootTestContextBootstrapper:177] Using TestExecutionListeners: [org.springframework.test.context.web.ServletTestExecutionListener@1283bb96, org.springframework.test.context.support.DirtiesContextBeforeModesTestExecutionListener@74f0ea28, org.springframework.boot.test.mock.mockito.MockitoTestExecutionListener@f6efaab, org.springframework.boot.test.autoconfigure.SpringBootDependencyInjectionTestExecutionListener@3c19aaa5, org.springframework.test.context.support.DirtiesContextTestExecutionListener@3349e9bb, org.springframework.boot.test.mock.mockito.ResetMocksTestExecutionListener@409bf450, org.springframework.boot.test.autoconfigure.restdocs.RestDocsTestExecutionListener@38d8f54a, org.springframework.boot.test.autoconfigure.web.client.MockRestServiceServerResetTestExecutionListener@49e53c76, org.springframework.boot.test.autoconfigure.web.servlet.MockMvcPrintOnlyOnFailureTestExecutionListener@351d00c0, org.springframework.boot.test.autoconfigure.web.servlet.WebDriverTestExecutionListener@2a3b5b47]
2018-06-26 14:49:02 [INFO] [Version:21] HV000001: Hibernate Validator 6.0.10.Final
2018-06-26 14:49:02 [INFO] [CxfdemoApplicationTests:50] Starting CxfdemoApplicationTests on DESKTOP-F2LRMUT with PID 21260 (started by ying in E:\eclipse_workspace\cxfdemo)
2018-06-26 14:49:02 [INFO] [CxfdemoApplicationTests:659] No active profile set, falling back to default profiles: default
2018-06-26 14:49:02 [INFO] [GenericWebApplicationContext:590] Refreshing org.springframework.web.context.support.GenericWebApplicationContext@932bc4a: startup date [Tue Jun 26 14:49:02 CST 2018]; root of context hierarchy
2018-06-26 14:49:05 [INFO] [ReflectionServiceFactoryBean:437] Creating Service {http://ws.cxfdemo.mobile263.com/}CommonService from class com.mobile263.cxfdemo.ws.CommonService
2018-06-26 14:49:05 [INFO] [ServerImpl:85] Setting the server's publish address to be /common
2018-06-26 14:49:05 [INFO] [ReflectionServiceFactoryBean:437] Creating Service {http://ws.cxfdemo.mobile263.com/}ISendStatistis from class com.mobile263.cxfdemo.ws.ISendStatistis
2018-06-26 14:49:05 [INFO] [ServerImpl:85] Setting the server's publish address to be /Wscxfdemo
2018-06-26 14:49:06 [INFO] [SimpleUrlHandlerMapping:373] Mapped URL path [/**/favicon.ico] onto handler of type [class org.springframework.web.servlet.resource.ResourceHttpRequestHandler]
2018-06-26 14:49:06 [INFO] [RequestMappingHandlerAdapter:574] Looking for @ControllerAdvice: org.springframework.web.context.support.GenericWebApplicationContext@932bc4a: startup date [Tue Jun 26 14:49:02 CST 2018]; root of context hierarchy
2018-06-26 14:49:06 [INFO] [RequestMappingHandlerMapping:547] Mapped "{[/error]}" onto public org.springframework.http.ResponseEntity<java.util.Map<java.lang.String, java.lang.Object>> org.springframework.boot.autoconfigure.web.servlet.error.BasicErrorController.error(javax.servlet.http.HttpServletRequest)
2018-06-26 14:49:06 [INFO] [RequestMappingHandlerMapping:547] Mapped "{[/error],produces=[text/html]}" onto public org.springframework.web.servlet.ModelAndView org.springframework.boot.autoconfigure.web.servlet.error.BasicErrorController.errorHtml(javax.servlet.http.HttpServletRequest,javax.servlet.http.HttpServletResponse)
2018-06-26 14:49:06 [INFO] [SimpleUrlHandlerMapping:373] Mapped URL path [/webjars/**] onto handler of type [class org.springframework.web.servlet.resource.ResourceHttpRequestHandler]
2018-06-26 14:49:06 [INFO] [SimpleUrlHandlerMapping:373] Mapped URL path [/**] onto handler of type [class org.springframework.web.servlet.resource.ResourceHttpRequestHandler]
2018-06-26 14:49:07 [INFO] [CxfdemoApplicationTests:59] Started CxfdemoApplicationTests in 5.252 seconds (JVM running for 6.514)
2018-06-26 14:49:07 [INFO] [GenericWebApplicationContext:993] Closing org.springframework.web.context.support.GenericWebApplicationContext@932bc4a: startup date [Tue Jun 26 14:49:02 CST 2018]; root of context hierarchy
2018-06-26 14:56:15 [INFO] [SpringBootTestContextBootstrapper:308] Neither @ContextConfiguration nor @ContextHierarchy found for test class [com.mobile263.cxfdemo.CxfdemoApplicationTests], using SpringBootContextLoader
2018-06-26 14:56:15 [INFO] [AbstractContextLoader:264] Could not detect default resource locations for test class [com.mobile263.cxfdemo.CxfdemoApplicationTests]: no resource found for suffixes {-context.xml, Context.groovy}.
2018-06-26 14:56:15 [INFO] [AnnotationConfigContextLoaderUtils:83] Could not detect default configuration classes for test class [com.mobile263.cxfdemo.CxfdemoApplicationTests]: CxfdemoApplicationTests does not declare any static, non-private, non-final, nested classes annotated with @Configuration.
2018-06-26 14:56:15 [INFO] [SpringBootTestContextBootstrapper:244] Found @SpringBootConfiguration com.mobile263.cxfdemo.CxfdemoApplication for test class com.mobile263.cxfdemo.CxfdemoApplicationTests
2018-06-26 14:56:15 [INFO] [SpringBootTestContextBootstrapper:248] Loaded default TestExecutionListener class names from location [META-INF/spring.factories]: [org.springframework.boot.test.mock.mockito.MockitoTestExecutionListener, org.springframework.boot.test.mock.mockito.ResetMocksTestExecutionListener, org.springframework.boot.test.autoconfigure.restdocs.RestDocsTestExecutionListener, org.springframework.boot.test.autoconfigure.web.client.MockRestServiceServerResetTestExecutionListener, org.springframework.boot.test.autoconfigure.web.servlet.MockMvcPrintOnlyOnFailureTestExecutionListener, org.springframework.boot.test.autoconfigure.web.servlet.WebDriverTestExecutionListener, org.springframework.test.context.web.ServletTestExecutionListener, org.springframework.test.context.support.DirtiesContextBeforeModesTestExecutionListener, org.springframework.test.context.support.DependencyInjectionTestExecutionListener, org.springframework.test.context.support.DirtiesContextTestExecutionListener, org.springframework.test.context.transaction.TransactionalTestExecutionListener, org.springframework.test.context.jdbc.SqlScriptsTestExecutionListener]
2018-06-26 14:56:15 [INFO] [SpringBootTestContextBootstrapper:177] Using TestExecutionListeners: [org.springframework.test.context.web.ServletTestExecutionListener@6aeb35e6, org.springframework.test.context.support.DirtiesContextBeforeModesTestExecutionListener@1283bb96, org.springframework.boot.test.mock.mockito.MockitoTestExecutionListener@74f0ea28, org.springframework.boot.test.autoconfigure.SpringBootDependencyInjectionTestExecutionListener@f6efaab, org.springframework.test.context.support.DirtiesContextTestExecutionListener@3c19aaa5, org.springframework.boot.test.mock.mockito.ResetMocksTestExecutionListener@3349e9bb, org.springframework.boot.test.autoconfigure.restdocs.RestDocsTestExecutionListener@409bf450, org.springframework.boot.test.autoconfigure.web.client.MockRestServiceServerResetTestExecutionListener@38d8f54a, org.springframework.boot.test.autoconfigure.web.servlet.MockMvcPrintOnlyOnFailureTestExecutionListener@49e53c76, org.springframework.boot.test.autoconfigure.web.servlet.WebDriverTestExecutionListener@351d00c0]
2018-06-26 14:56:15 [INFO] [Version:21] HV000001: Hibernate Validator 6.0.10.Final
2018-06-26 14:56:16 [INFO] [CxfdemoApplicationTests:50] Starting CxfdemoApplicationTests on DESKTOP-F2LRMUT with PID 20804 (started by ying in E:\eclipse_workspace\cxfdemo)
2018-06-26 14:56:16 [INFO] [CxfdemoApplicationTests:659] No active profile set, falling back to default profiles: default
2018-06-26 14:56:16 [INFO] [GenericWebApplicationContext:590] Refreshing org.springframework.web.context.support.GenericWebApplicationContext@6bedbc4d: startup date [Tue Jun 26 14:56:16 CST 2018]; root of context hierarchy
2018-06-26 14:56:18 [INFO] [ReflectionServiceFactoryBean:437] Creating Service {http://ws.cxfdemo.mobile263.com/}CommonService from class com.mobile263.cxfdemo.ws.CommonService
2018-06-26 14:56:18 [INFO] [ServerImpl:85] Setting the server's publish address to be /common
2018-06-26 14:56:18 [INFO] [ReflectionServiceFactoryBean:437] Creating Service {http://ws.cxfdemo.mobile263.com/}ISendStatistis from class com.mobile263.cxfdemo.ws.ISendStatistis
2018-06-26 14:56:19 [INFO] [ServerImpl:85] Setting the server's publish address to be /Wscxfdemo
2018-06-26 14:56:19 [INFO] [SimpleUrlHandlerMapping:373] Mapped URL path [/**/favicon.ico] onto handler of type [class org.springframework.web.servlet.resource.ResourceHttpRequestHandler]
2018-06-26 14:56:19 [INFO] [RequestMappingHandlerAdapter:574] Looking for @ControllerAdvice: org.springframework.web.context.support.GenericWebApplicationContext@6bedbc4d: startup date [Tue Jun 26 14:56:16 CST 2018]; root of context hierarchy
2018-06-26 14:56:20 [INFO] [RequestMappingHandlerMapping:547] Mapped "{[/error]}" onto public org.springframework.http.ResponseEntity<java.util.Map<java.lang.String, java.lang.Object>> org.springframework.boot.autoconfigure.web.servlet.error.BasicErrorController.error(javax.servlet.http.HttpServletRequest)
2018-06-26 14:56:20 [INFO] [RequestMappingHandlerMapping:547] Mapped "{[/error],produces=[text/html]}" onto public org.springframework.web.servlet.ModelAndView org.springframework.boot.autoconfigure.web.servlet.error.BasicErrorController.errorHtml(javax.servlet.http.HttpServletRequest,javax.servlet.http.HttpServletResponse)
2018-06-26 14:56:20 [INFO] [SimpleUrlHandlerMapping:373] Mapped URL path [/webjars/**] onto handler of type [class org.springframework.web.servlet.resource.ResourceHttpRequestHandler]
2018-06-26 14:56:20 [INFO] [SimpleUrlHandlerMapping:373] Mapped URL path [/**] onto handler of type [class org.springframework.web.servlet.resource.ResourceHttpRequestHandler]
2018-06-26 14:56:21 [INFO] [CxfdemoApplicationTests:59] Started CxfdemoApplicationTests in 5.474 seconds (JVM running for 7.272)
2018-06-26 14:56:21 [INFO] [GenericWebApplicationContext:993] Closing org.springframework.web.context.support.GenericWebApplicationContext@6bedbc4d: startup date [Tue Jun 26 14:56:16 CST 2018]; root of context hierarchy
